0 info it worked if it ends with ok
1 verbose cli [ 'node', '/usr/local/bin/npm', 'install', 'node' ]
2 info using npm@2.10.1
3 info using node@v0.12.4
4 verbose node symlink /usr/local/bin/node
5 verbose install initial load of /Users/kevinlin/Desktop/pcompass-web/package.json
6 verbose readDependencies loading dependencies from /Users/kevinlin/Desktop/pcompass-web/package.json
7 silly cache add args [ 'node', null ]
8 verbose cache add spec node
9 silly cache add parsed spec { raw: 'node',
9 silly cache add   scope: null,
9 silly cache add   name: 'node',
9 silly cache add   rawSpec: '',
9 silly cache add   spec: '*',
9 silly cache add   type: 'range' }
10 silly addNamed node@*
11 verbose addNamed "*" is a valid semver range for node
12 silly addNameRange { name: 'node', range: '*', hasData: false }
13 silly mapToRegistry name node
14 silly mapToRegistry using default registry
15 silly mapToRegistry registry https://registry.npmjs.org/
16 silly mapToRegistry uri https://registry.npmjs.org/node
17 verbose addNameRange registry:https://registry.npmjs.org/node not in flight; fetching
18 verbose request uri https://registry.npmjs.org/node
19 verbose request no auth needed
20 info attempt registry request try #1 at 19:39:38
21 verbose request id 862440b42071c125
22 http request GET https://registry.npmjs.org/node
23 http 200 https://registry.npmjs.org/node
24 silly get cb [ 200,
24 silly get   { server: 'CouchDB/1.5.0 (Erlang OTP/R16B03)',
24 silly get     etag: '"4A754Q2V2HQ65BJAR8DUU8BED"',
24 silly get     'content-type': 'application/json',
24 silly get     'cache-control': 'max-age=60',
24 silly get     'content-length': '1018',
24 silly get     'accept-ranges': 'bytes',
24 silly get     date: 'Fri, 02 Oct 2015 23:39:38 GMT',
24 silly get     via: '1.1 varnish',
24 silly get     age: '0',
24 silly get     connection: 'keep-alive',
24 silly get     'x-served-by': 'cache-iad2122-IAD',
24 silly get     'x-cache': 'MISS',
24 silly get     'x-cache-hits': '0',
24 silly get     'x-timer': 'S1443829178.646875,VS0,VE91',
24 silly get     vary: 'Accept' } ]
25 verbose get saving node to /Users/kevinlin/.npm/registry.npmjs.org/node/.cache.json
26 silly addNameRange number 2 { name: 'node', range: '*', hasData: true }
27 silly addNameRange versions [ 'node', [ '0.0.0' ] ]
28 silly addNamed node@0.0.0
29 verbose addNamed "0.0.0" is a plain semver version for node
30 warn deprecated node@0.0.0: To update or install node, go to http://nodejs.org/
31 silly mapToRegistry name node
32 silly mapToRegistry using default registry
33 silly mapToRegistry registry https://registry.npmjs.org/
34 silly mapToRegistry uri https://registry.npmjs.org/node
35 verbose addRemoteTarball https://registry.npmjs.org/node/-/node-0.0.0.tgz not in flight; adding
36 verbose addRemoteTarball [ 'https://registry.npmjs.org/node/-/node-0.0.0.tgz',
36 verbose addRemoteTarball   '288d62f90530c763eff8d4831ee7343ab3d60793' ]
37 info retry fetch attempt 1 at 19:39:38
38 info attempt registry request try #1 at 19:39:38
39 http fetch GET https://registry.npmjs.org/node/-/node-0.0.0.tgz
40 http fetch 200 https://registry.npmjs.org/node/-/node-0.0.0.tgz
41 silly fetchAndShaCheck shasum 288d62f90530c763eff8d4831ee7343ab3d60793
42 verbose addTmpTarball /var/folders/fb/dzb8c5090yz1r65s8m65lcn00000gn/T/npm-1687-365043bd/registry.npmjs.org/node/-/node-0.0.0.tgz not in flight; adding
43 verbose addTmpTarball already have metadata; skipping unpack for node@0.0.0
44 silly cache afterAdd node@0.0.0
45 verbose afterAdd /Users/kevinlin/.npm/node/0.0.0/package/package.json not in flight; writing
46 verbose afterAdd /Users/kevinlin/.npm/node/0.0.0/package/package.json written
47 silly install resolved [ { name: 'node',
47 silly install resolved     version: '0.0.0',
47 silly install resolved     _npmUser: { name: 'isaacs', email: 'i@izs.me' },
47 silly install resolved     _id: 'node@0.0.0',
47 silly install resolved     dependencies: {},
47 silly install resolved     devDependencies: {},
47 silly install resolved     optionalDependencies: {},
47 silly install resolved     engines: { node: '*' },
47 silly install resolved     _engineSupported: true,
47 silly install resolved     _npmVersion: '1.1.21',
47 silly install resolved     _nodeVersion: 'v0.7.9-pre',
47 silly install resolved     _defaultsLoaded: true,
47 silly install resolved     dist:
47 silly install resolved      { shasum: '288d62f90530c763eff8d4831ee7343ab3d60793',
47 silly install resolved        tarball: 'http://registry.npmjs.org/node/-/node-0.0.0.tgz' },
47 silly install resolved     readme: '',
47 silly install resolved     maintainers: [ [Object] ],
47 silly install resolved     directories: {},
47 silly install resolved     deprecated: 'To update or install node, go to http://nodejs.org/',
47 silly install resolved     homepage: 'http://nodejs.org/api',
47 silly install resolved     _shasum: '288d62f90530c763eff8d4831ee7343ab3d60793',
47 silly install resolved     _resolved: 'https://registry.npmjs.org/node/-/node-0.0.0.tgz',
47 silly install resolved     _from: 'node@*' } ]
48 info install node@0.0.0 into /Users/kevinlin/Desktop/pcompass-web
49 info installOne node@0.0.0
50 verbose installOne of node to /Users/kevinlin/Desktop/pcompass-web not in flight; installing
51 warn locking Error: EACCES, open '/Users/kevinlin/.npm/_locks/node-aa169cf5a6b7a3c8.lock'
51 warn locking     at Error (native)
51 warn locking  /Users/kevinlin/.npm/_locks/node-aa169cf5a6b7a3c8.lock failed { [Error: EACCES, open '/Users/kevinlin/.npm/_locks/node-aa169cf5a6b7a3c8.lock']
51 warn locking   errno: -13,
51 warn locking   code: 'EACCES',
51 warn locking   path: '/Users/kevinlin/.npm/_locks/node-aa169cf5a6b7a3c8.lock' }
52 verbose stack Error: Attempt to unlock /Users/kevinlin/Desktop/pcompass-web/node_modules/node, which hasn't been locked
52 verbose stack     at unlock (/usr/local/lib/node_modules/npm/lib/utils/locker.js:66:11)
52 verbose stack     at cb (/usr/local/lib/node_modules/npm/lib/install.js:1017:5)
52 verbose stack     at /usr/local/lib/node_modules/npm/lib/install.js:1021:20
52 verbose stack     at /usr/local/lib/node_modules/npm/lib/utils/locker.js:40:9
52 verbose stack     at cb (/usr/local/lib/node_modules/npm/node_modules/lockfile/lockfile.js:149:38)
52 verbose stack     at /usr/local/lib/node_modules/npm/node_modules/lockfile/lockfile.js:177:38
52 verbose stack     at FSReqWrap.oncomplete (fs.js:95:15)
53 verbose cwd /Users/kevinlin/Desktop/pcompass-web
54 error Darwin 14.5.0
55 error argv "node" "/usr/local/bin/npm" "install" "node"
56 error node v0.12.4
57 error npm  v2.10.1
58 error Attempt to unlock /Users/kevinlin/Desktop/pcompass-web/node_modules/node, which hasn't been locked
59 error If you need help, you may report this error at:
59 error     <https://github.com/npm/npm/issues>
60 verbose exit [ 1, true ]
